<?xml version="1.0" encoding="UTF-8"?>
<!-- Generated by org.testng.reporters.JUnitXMLReporter -->
<testsuite hostname="LPCD-27V8S93" ignored="0" name="Default test" tests="7" failures="0" timestamp="2022-06-20T16:44:25 IST" time="33.977" errors="0">
  <testcase name="validateloginclick" time="3.054" classname="com.app.testcases.HomePageTest"/>
  <testcase name="verifyHomePageTitle" time="0.073" classname="com.app.testcases.HomePageTest"/>
  <testcase name="VerifygetnameOfUser" time="4.346" classname="com.app.testcases.HomePageTest"/>
  <testcase name="verifyClickOnCoursesDropdown" time="0.345" classname="com.app.testcases.HomePageTest"/>
  <testcase name="verifySearchBoxFunctionality" time="0.218" classname="com.app.testcases.HomePageTest"/>
  <testcase name="verifyClickOneNeuron" time="0.086" classname="com.app.testcases.HomePageTest"/>
  <testcase name="VerifyClickOnProfile" time="0.926" classname="com.app.testcases.HomePageTest"/>
</testsuite> <!-- Default test -->
