<?xml version="1.0" encoding="UTF-8"?>
<testng-results skipped="0" failed="0" ignored="0" total="7" passed="7">
  <reporter-output>
  </reporter-output>
  <suite name="Default suite" duration-ms="33977" started-at="2022-06-20T16:43:51 IST" finished-at="2022-06-20T16:44:25 IST">
    <groups>
    </groups>
    <test name="Default test" duration-ms="33977" started-at="2022-06-20T16:43:51 IST" finished-at="2022-06-20T16:44:25 IST">
      <class name="com.app.testcases.HomePageTest">
        <test-method status="PASS" signature="SetUp()[pri:0, instance:com.app.testcases.HomePageTest@2641e737]" name="SetUp" is-config="true" duration-ms="24853" started-at="2022-06-20T16:43:51 IST" finished-at="2022-06-20T16:44:16 IST">
          <reporter-output>
          </reporter-output>
        </test-method> <!-- SetUp -->
        <test-method status="PASS" signature="validateloginclick()[pri:1, instance:com.app.testcases.HomePageTest@2641e737]" name="validateloginclick" duration-ms="3054" started-at="2022-06-20T16:44:16 IST" finished-at="2022-06-20T16:44:19 IST">
          <reporter-output>
          </reporter-output>
        </test-method> <!-- validateloginclick -->
        <test-method status="PASS" signature="verifyHomePageTitle()[pri:2, instance:com.app.testcases.HomePageTest@2641e737]" name="verifyHomePageTitle" duration-ms="73" started-at="2022-06-20T16:44:19 IST" finished-at="2022-06-20T16:44:19 IST">
          <reporter-output>
          </reporter-output>
        </test-method> <!-- verifyHomePageTitle -->
        <test-method status="PASS" signature="VerifygetnameOfUser()[pri:3, instance:com.app.testcases.HomePageTest@2641e737]" name="VerifygetnameOfUser" duration-ms="4346" started-at="2022-06-20T16:44:19 IST" finished-at="2022-06-20T16:44:24 IST">
          <reporter-output>
          </reporter-output>
        </test-method> <!-- VerifygetnameOfUser -->
        <test-method status="PASS" signature="verifyClickOnCoursesDropdown()[pri:4, instance:com.app.testcases.HomePageTest@2641e737]" name="verifyClickOnCoursesDropdown" duration-ms="345" started-at="2022-06-20T16:44:24 IST" finished-at="2022-06-20T16:44:24 IST">
          <reporter-output>
          </reporter-output>
        </test-method> <!-- verifyClickOnCoursesDropdown -->
        <test-method status="PASS" signature="verifySearchBoxFunctionality()[pri:5, instance:com.app.testcases.HomePageTest@2641e737]" name="verifySearchBoxFunctionality" duration-ms="218" started-at="2022-06-20T16:44:24 IST" finished-at="2022-06-20T16:44:24 IST">
          <reporter-output>
          </reporter-output>
        </test-method> <!-- verifySearchBoxFunctionality -->
        <test-method status="PASS" signature="verifyClickOneNeuron()[pri:6, instance:com.app.testcases.HomePageTest@2641e737]" name="verifyClickOneNeuron" duration-ms="86" started-at="2022-06-20T16:44:24 IST" finished-at="2022-06-20T16:44:24 IST">
          <reporter-output>
          </reporter-output>
        </test-method> <!-- verifyClickOneNeuron -->
        <test-method status="PASS" signature="VerifyClickOnProfile()[pri:7, instance:com.app.testcases.HomePageTest@2641e737]" name="VerifyClickOnProfile" duration-ms="926" started-at="2022-06-20T16:44:24 IST" finished-at="2022-06-20T16:44:25 IST">
          <reporter-output>
          </reporter-output>
        </test-method> <!-- VerifyClickOnProfile -->
      </class> <!-- com.app.testcases.HomePageTest -->
    </test> <!-- Default test -->
  </suite> <!-- Default suite -->
</testng-results>
